#
# There is insufficient memory for the Java Runtime Environment to continue.
# Native memory allocation (malloc) failed to allocate 1048576 bytes. Error detail: AllocateHeap
# Possible reasons:
#   The system is out of physical RAM or swap space
#   This process is running with CompressedOops enabled, and the Java Heap may be blocking the growth of the native heap
# Possible solutions:
#   Reduce memory load on the system
#   Increase physical memory or swap space
#   Check if swap backing store is full
#   Decrease Java heap size (-Xmx/-Xms)
#   Decrease number of Java threads
#   Decrease Java thread stack sizes (-Xss)
#   Set larger code cache with -XX:ReservedCodeCacheSize=
#   JVM is running with Unscaled Compressed Oops mode in which the Java heap is
#     placed in the first 4GB address space. The Java Heap base address is the
#     maximum limit for the native heap growth. Please use -XX:HeapBaseMinAddress
#     to set the Java Heap base and to place the Java Heap above 4GB virtual address.
# This output file may be truncated or incomplete.
#
#  Out of Memory Error (allocation.cpp:44), pid=21912, tid=21132
#
# JRE version: OpenJDK Runtime Environment Temurin-21.0.10+7 (21.0.10+7) (build 21.0.10+7-LTS)
# Java VM: OpenJDK 64-Bit Server VM Temurin-21.0.10+7 (21.0.10+7-LTS, mixed mode, sharing, tiered, compressed oops, compressed class ptrs, parallel gc, windows-amd64)
# No core dump will be written. Minidumps are not enabled by default on client versions of Windows
#

---------------  S U M M A R Y ------------

Command Line: --add-modules=ALL-SYSTEM --add-opens=java.base/java.util=ALL-UNNAMED --add-opens=java.base/java.lang=ALL-UNNAMED --add-opens=java.base/sun.nio.fs=ALL-UNNAMED -Declipse.application=org.eclipse.jdt.ls.core.id1 -Dosgi.bundles.defaultStartLevel=4 -Declipse.product=org.eclipse.jdt.ls.core.product -Djava.import.generatesMetadataFilesAtProjectRoot=false -DDetectVMInstallationsJob.disabled=true -Dfile.encoding=utf8 -XX:+UseParallelGC -XX:GCTimeRatio=4 -XX:AdaptiveSizePolicyWeight=90 -Dsun.zip.disableMemoryMapping=true -Xmx2G -Xms100m -Xlog:disable -javaagent:c:\Users\DELL\.vscode\extensions\redhat.java-1.53.0-win32-x64\lombok\lombok-1.18.39-4050.jar -XX:+HeapDumpOnOutOfMemoryError -XX:HeapDumpPath=c:\Users\DELL\AppData\Roaming\Code\User\workspaceStorage\14cd635fb1ec31ad292535cc52661c94\redhat.java -Daether.dependencyCollector.impl=bf c:\Users\DELL\.vscode\extensions\redhat.java-1.53.0-win32-x64\server\plugins\org.eclipse.equinox.launcher_1.7.100.v20251111-0406.jar -configuration c:\Users\DELL\AppData\Roaming\Code\User\globalStorage\redhat.java\1.53.0\config_win -data c:\Users\DELL\AppData\Roaming\Code\User\workspaceStorage\14cd635fb1ec31ad292535cc52661c94\redhat.java\jdt_ws --pipe=\\.\pipe\lsp-6b2078089209615c1e2b4f58021ada9f-sock

Host: Intel(R) Core(TM) i5-1035G1 CPU @ 1.00GHz, 8 cores, 7G,  Windows 11 , 64 bit Build 22000 (10.0.22000.2538)
Time: Thu Mar 12 10:58:52 2026 India Standard Time elapsed time: 829.321881 seconds (0d 0h 13m 49s)

---------------  T H R E A D  ---------------

Current thread (0x00000159123c6460):  JavaThread "Attach Listener" daemon [_thread_in_vm, id=21132, stack(0x000000161ab00000,0x000000161ac00000) (1024K)]

Stack: [0x000000161ab00000,0x000000161ac00000]
Native frames: (J=compiled Java code, j=interpreted, Vv=VM code, C=native code)
V  [jvm.dll+0x6d7a39]
V  [jvm.dll+0x8b4b26]
V  [jvm.dll+0x8b70de]
V  [jvm.dll+0x8b77c3]
V  [jvm.dll+0x284346]
V  [jvm.dll+0xc1277]
V  [jvm.dll+0x6d82e9]
V  [jvm.dll+0x1334a6]
V  [jvm.dll+0x3f857e]
V  [jvm.dll+0x85f59d]
V  [jvm.dll+0x6d626d]
C  [ucrtbase.dll+0x26c0c]
C  [KERNEL32.DLL+0x153e0]
C  [ntdll.dll+0x485b]


---------------  P R O C E S S  ---------------

Threads class SMR info:
_java_thread_list=0x0000015970896b00, length=62, elements={
0x000001591244dcf0, 0x00000159123c26f0, 0x00000159123c36c0, 0x00000159123c52c0,
0x00000159123c6460, 0x00000159123cb4a0, 0x00000159123d0b20, 0x00000159123d31a0,
0x00000159123ee5f0, 0x000001596b98f7e0, 0x000001596ba6d7a0, 0x0000015970ac2f00,
0x0000015970afef90, 0x0000015970affcb0, 0x0000015970b01d80, 0x0000015970b016f0,
0x0000015970b009d0, 0x0000015970aff620, 0x00000159722932b0, 0x0000015972294660,
0x0000015972295380, 0x0000015972292590, 0x0000015972291f00, 0x0000015972292c20,
0x0000015973de82e0, 0x0000015973de2d90, 0x0000015973de2070, 0x0000015973de6f30,
0x0000015973de2700, 0x0000015973de3420, 0x0000015973de19e0, 0x0000015973de4e60,
0x0000015973de47d0, 0x0000015972b5e9b0, 0x0000015972b5f6d0, 0x0000015972b5e320,
0x0000015972b5a810, 0x0000015972b5b530, 0x0000015972b5bbc0, 0x0000015972b5c250,
0x0000015970344ea0, 0x0000015970342dd0, 0x000001597033f2c0, 0x0000015970340d00,
0x0000015970344180, 0x0000015970343460, 0x0000015970345530, 0x000001597033ffe0,
0x0000015970340670, 0x0000015970341390, 0x0000015972294cf0, 0x0000015972293fd0,
0x0000015972293940, 0x0000015973de4140, 0x0000015973de5b80, 0x0000015970b01060,
0x0000015972b5c8e0, 0x0000015972b5f040, 0x0000015972b5aea0, 0x0000015972b5dc90,
0x0000015972b580b0, 0x0000015972b58dd0
}

Java Threads: ( => current thread )
  0x000001591244dcf0 JavaThread "main"                              [_thread_blocked, id=28624, stack(0x000000161a400000,0x000000161a500000) (1024K)]
  0x00000159123c26f0 JavaThread "Reference Handler"          daemon [_thread_blocked, id=31704, stack(0x000000161a800000,0x000000161a900000) (1024K)]
  0x00000159123c36c0 JavaThread "Finalizer"                  daemon [_thread_blocked, id=28512, stack(0x000000161a900000,0x000000161aa00000) (1024K)]
  0x00000159123c52c0 JavaThread "Signal Dispatcher"          daemon [_thread_blocked, id=22148, stack(0x000000161aa00000,0x000000161ab00000) (1024K)]
=>0x00000159123c6460 JavaThread "Attach Listener"            daemon [_thread_in_vm, id=21132, stack(0x000000161ab00000,0x000000161ac00000) (1024K)]
  0x00000159123cb4a0 JavaThread "Service Thread"             daemon [_thread_blocked, id=10760, stack(0x000000161ac00000,0x000000161ad00000) (1024K)]
  0x00000159123d0b20 JavaThread "Monitor Deflation Thread"   daemon [_thread_blocked, id=38432, stack(0x000000161ad00000,0x000000161ae00000) (1024K)]
  0x00000159123d31a0 JavaThread "C2 CompilerThread0"         daemon [_thread_blocked, id=46156, stack(0x000000161ae00000,0x000000161af00000) (1024K)]
  0x00000159123ee5f0 JavaThread "C1 CompilerThread0"         daemon [_thread_blocked, id=46816, stack(0x000000161af00000,0x000000161b000000) (1024K)]
  0x000001596b98f7e0 JavaThread "Common-Cleaner"             daemon [_thread_blocked, id=24440, stack(0x000000161b000000,0x000000161b100000) (1024K)]
  0x000001596ba6d7a0 JavaThread "Notification Thread"        daemon [_thread_blocked, id=32976, stack(0x000000161b100000,0x000000161b200000) (1024K)]
  0x0000015970ac2f00 JavaThread "Active Thread: Equinox Container: cfc13bab-853f-4d19-81e0-64895ac3d342"        [_thread_blocked, id=33560, stack(0x000000161c000000,0x000000161c100000) (1024K)]
  0x0000015970afef90 JavaThread "Framework Event Dispatcher: Equinox Container: cfc13bab-853f-4d19-81e0-64895ac3d342" daemon [_thread_blocked, id=30380, stack(0x000000161b200000,0x000000161b300000) (1024K)]
  0x0000015970affcb0 JavaThread "Start Level: Equinox Container: cfc13bab-853f-4d19-81e0-64895ac3d342" daemon [_thread_blocked, id=38700, stack(0x000000161b900000,0x000000161ba00000) (1024K)]
  0x0000015970b01d80 JavaThread "Bundle File Closer"         daemon [_thread_blocked, id=41852, stack(0x000000161c300000,0x000000161c400000) (1024K)]
  0x0000015970b016f0 JavaThread "Refresh Thread: Equinox Container: cfc13bab-853f-4d19-81e0-64895ac3d342" daemon [_thread_blocked, id=46516, stack(0x000000161c400000,0x000000161c500000) (1024K)]
  0x0000015970b009d0 JavaThread "SCR Component Actor"        daemon [_thread_blocked, id=5300, stack(0x000000161c700000,0x000000161c800000) (1024K)]
  0x0000015970aff620 JavaThread "Worker-JM"                         [_thread_blocked, id=40508, stack(0x000000161ba00000,0x000000161bb00000) (1024K)]
  0x00000159722932b0 JavaThread "Java indexing"              daemon [_thread_blocked, id=16048, stack(0x000000161be00000,0x000000161bf00000) (1024K)]
  0x0000015972294660 JavaThread "JNA Cleaner"                daemon [_thread_blocked, id=16780, stack(0x000000161c600000,0x000000161c700000) (1024K)]
  0x0000015972295380 JavaThread "Worker-5"                          [_thread_blocked, id=33844, stack(0x000000161c900000,0x000000161ca00000) (1024K)]
  0x0000015972292590 JavaThread "Thread-1"                   daemon [_thread_in_native, id=23080, stack(0x000000161ca00000,0x000000161cb00000) (1024K)]
  0x0000015972291f00 JavaThread "Thread-2"                   daemon [_thread_in_native, id=6692, stack(0x000000161cb00000,0x000000161cc00000) (1024K)]
  0x0000015972292c20 JavaThread "Thread-3"                   daemon [_thread_in_native, id=12928, stack(0x000000161cc00000,0x000000161cd00000) (1024K)]
  0x0000015973de82e0 JavaThread "Thread-4"                   daemon [_thread_in_native, id=24624, stack(0x000000161cd00000,0x000000161ce00000) (1024K)]
  0x0000015973de2d90 JavaThread "Thread-5"                   daemon [_thread_in_native, id=34176, stack(0x000000161ce00000,0x000000161cf00000) (1024K)]
  0x0000015973de2070 JavaThread "Thread-6"                   daemon [_thread_in_native, id=2804, stack(0x000000161cf00000,0x000000161d000000) (1024K)]
  0x0000015973de6f30 JavaThread "Thread-7"                   daemon [_thread_in_native, id=11864, stack(0x000000161d000000,0x000000161d100000) (1024K)]
  0x0000015973de2700 JavaThread "Thread-8"                   daemon [_thread_in_native, id=23988, stack(0x000000161d100000,0x000000161d200000) (1024K)]
  0x0000015973de3420 JavaThread "Thread-9"                   daemon [_thread_in_native, id=22412, stack(0x000000161d200000,0x000000161d300000) (1024K)]
  0x0000015973de19e0 JavaThread "pool-2-thread-1"                   [_thread_blocked, id=44676, stack(0x000000161d300000,0x000000161d400000) (1024K)]
  0x0000015973de4e60 JavaThread "WorkspaceEventsHandler"            [_thread_blocked, id=26444, stack(0x000000161d400000,0x000000161d500000) (1024K)]
  0x0000015973de47d0 JavaThread "pool-1-thread-1"                   [_thread_blocked, id=1116, stack(0x000000161d500000,0x000000161d600000) (1024K)]
  0x0000015972b5e9b0 JavaThread "ForkJoinPool.commonPool-worker-6" daemon [_thread_blocked, id=27256, stack(0x000000161e800000,0x000000161e900000) (1024K)]
  0x0000015972b5f6d0 JavaThread "Cleaner-0"                  daemon [_thread_blocked, id=30696, stack(0x000000161d600000,0x000000161d700000) (1024K)]
  0x0000015972b5e320 JavaThread "Java Debug Server"          daemon [_thread_in_native, id=46540, stack(0x000000161a200000,0x000000161a300000) (1024K)]
  0x0000015972b5a810 JavaThread "RxSchedulerPurge-1"         daemon [_thread_blocked, id=29668, stack(0x000000161d700000,0x000000161d800000) (1024K)]
  0x0000015972b5b530 JavaThread "RxCachedWorkerPoolEvictor-1" daemon [_thread_blocked, id=40284, stack(0x000000161d800000,0x000000161d900000) (1024K)]
  0x0000015972b5bbc0 JavaThread "LocalFile Deleter"          daemon [_thread_blocked, id=46660, stack(0x000000161dd00000,0x000000161de00000) (1024K)]
  0x0000015972b5c250 JavaThread "LocalFile Deleter"          daemon [_thread_blocked, id=35512, stack(0x000000161df00000,0x000000161e000000) (1024K)]
  0x0000015970344ea0 JavaThread "LocalFile Deleter"          daemon [_thread_blocked, id=12240, stack(0x000000161e000000,0x000000161e100000) (1024K)]
  0x0000015970342dd0 JavaThread "LocalFile Deleter"          daemon [_thread_blocked, id=40404, stack(0x000000161e100000,0x000000161e200000) (1024K)]
  0x000001597033f2c0 JavaThread "LocalFile Deleter"          daemon [_thread_blocked, id=9172, stack(0x000000161e200000,0x000000161e300000) (1024K)]
  0x0000015970340d00 JavaThread "Compiler Source File Reader" daemon [_thread_blocked, id=41868, stack(0x000000161e500000,0x000000161e600000) (1024K)]
  0x0000015970344180 JavaThread "Compiler Source File Reader" daemon [_thread_blocked, id=33916, stack(0x000000161e700000,0x000000161e800000) (1024K)]
  0x0000015970343460 JavaThread "Compiler Source File Reader" daemon [_thread_blocked, id=12932, stack(0x000000161e900000,0x000000161ea00000) (1024K)]
  0x0000015970345530 JavaThread "Compiler Source File Reader" daemon [_thread_blocked, id=38244, stack(0x000000161ea00000,0x000000161eb00000) (1024K)]
  0x000001597033ffe0 JavaThread "Compiler Source File Reader" daemon [_thread_blocked, id=45204, stack(0x000000161eb00000,0x000000161ec00000) (1024K)]
  0x0000015970340670 JavaThread "Compiler Source File Reader" daemon [_thread_blocked, id=19520, stack(0x000000161ec00000,0x000000161ed00000) (1024K)]
  0x0000015970341390 JavaThread "Compiler Class File Writer" daemon [_thread_blocked, id=460, stack(0x000000161ee00000,0x000000161ef00000) (1024K)]
  0x0000015972294cf0 JavaThread "Worker-12"                         [_thread_blocked, id=16348, stack(0x000000161ef00000,0x000000161f000000) (1024K)]
  0x0000015972293fd0 JavaThread "Compiler Class File Writer" daemon [_thread_blocked, id=21272, stack(0x000000161f000000,0x000000161f100000) (1024K)]
  0x0000015972293940 JavaThread "Compiler Class File Writer" daemon [_thread_blocked, id=11652, stack(0x000000161f100000,0x000000161f200000) (1024K)]
  0x0000015973de4140 JavaThread "Compiler Class File Writer" daemon [_thread_blocked, id=25392, stack(0x000000161f200000,0x000000161f300000) (1024K)]
  0x0000015973de5b80 JavaThread "Compiler Class File Writer" daemon [_thread_blocked, id=1492, stack(0x000000161f300000,0x000000161f400000) (1024K)]
  0x0000015970b01060 JavaThread "Compiler Class File Writer" daemon [_thread_blocked, id=43244, stack(0x000000161f400000,0x000000161f500000) (1024K)]
  0x0000015972b5c8e0 JavaThread "LocalFile Deleter"          daemon [_thread_blocked, id=14664, stack(0x000000161bc00000,0x000000161bd00000) (1024K)]
  0x0000015972b5f040 JavaThread "Worker-14"                         [_thread_blocked, id=20928, stack(0x000000161a300000,0x000000161a400000) (1024K)]
  0x0000015972b5aea0 JavaThread "Worker-15"                         [_thread_blocked, id=16556, stack(0x000000161bb00000,0x000000161bc00000) (1024K)]
  0x0000015972b5dc90 JavaThread "LocalFile Deleter"          daemon [_thread_blocked, id=45024, stack(0x000000161bd00000,0x000000161be00000) (1024K)]
  0x0000015972b580b0 JavaThread "LocalFile Deleter"          daemon [_thread_blocked, id=40760, stack(0x000000161bf00000,0x000000161c000000) (1024K)]
  0x0000015972b58dd0 JavaThread "Compiler Processing Task"   daemon [_thread_blocked, id=13176, stack(0x000000161c800000,0x000000161c900000) (1024K)]
Total: 62

Other Threads:
  0x00000159123a1430 VMThread "VM Thread"                           [id=4412, stack(0x000000161a700000,0x000000161a800000) (1024K)]
  0x0000015912514850 WatcherThread "VM Periodic Task Thread"        [id=41972, stack(0x000000161a600000,0x000000161a700000) (1024K)]
  0x000001591246c120 WorkerThread "GC Thread#0"                     [id=16152, stack(0x000000161a500000,0x000000161a600000) (1024K)]
  0x00000159703f6910 WorkerThread "GC Thread#1"                     [id=20212, stack(0x000000161b300000,0x000000161b400000) (1024K)]
  0x00000159703f6cc0 WorkerThread "GC Thread#2"                     [id=47076, stack(0x000000161b400000,0x000000161b500000) (1024K)]
  0x00000159705e37c0 WorkerThread "GC Thread#3"                     [id=11456, stack(0x000000161b500000,0x000000161b600000) (1024K)]
  0x00000159705e3b70 WorkerThread "GC Thread#4"                     [id=43996, stack(0x000000161b600000,0x000000161b700000) (1024K)]
  0x00000159705e3f20 WorkerThread "GC Thread#5"                     [id=23076, stack(0x000000161b700000,0x000000161b800000) (1024K)]
  0x0000015970698470 WorkerThread "GC Thread#6"                     [id=39360, stack(0x000000161b800000,0x000000161b900000) (1024K)]
  0x00000159706bfd00 WorkerThread "GC Thread#7"                     [id=11176, stack(0x000000161c100000,0x000000161c200000) (1024K)]
Total: 10

Threads with active compile tasks:
Total: 0

VM state: not at safepoint (normal execution)

VM Mutex/Monitor currently owned by a thread: None

Heap address: 0x0000000080000000, size: 2048 MB, Compressed Oops mode: 32-bit

CDS archive(s) mapped at: [0x0000015929000000-0x0000015929ba0000-0x0000015929ba0000), size 12189696, SharedBaseAddress: 0x0000015929000000, ArchiveRelocationMode: 1.
Compressed class space mapped at: 0x000001592a000000-0x000001596a000000, reserved size: 1073741824
Narrow klass base: 0x0000015929000000, Narrow klass shift: 0, Narrow klass range: 0x100000000

GC Precious Log:
 CardTable entry size: 512
 CPUs: 8 total, 8 available
 Memory: 7959M
 Large Page Support: Disabled
 NUMA Support: Disabled
 Compressed Oops: Enabled (32-bit)
 Alignments: Space 512K, Generation 512K, Heap 2M
 Heap Min Capacity: 100M
 Heap Initial Capacity: 100M
 Heap Max Capacity: 2G
 Pre-touch: Disabled
 Parallel Workers: 8

Heap:
 PSYoungGen      total 12800K, used 9788K [0x00000000d5580000, 0x00000000d6f00000, 0x0000000100000000)
  eden space 9728K, 69% used [0x00000000d5580000,0x00000000d5c14468,0x00000000d5f00000)
  from space 3072K, 99% used [0x00000000d6080000,0x00000000d637af70,0x00000000d6380000)
  to   space 8192K, 0% used [0x00000000d6700000,0x00000000d6700000,0x00000000d6f00000)
 ParOldGen       total 922112K, used 472797K [0x0000000080000000, 0x00000000b8480000, 0x00000000d5580000)
  object space 922112K, 51% used [0x0000000080000000,0x000000009cdb7670,0x00000000b8480000)
 Metaspace       used 91891K, committed 93696K, reserved 1179648K
  class space    used 9652K, committed 10496K, reserved 1048576K

Card table byte_map: [0x0000015911e00000,0x0000015912210000] _byte_map_base: 0x0000015911a00000

Marking Bits: (ParMarkBitMap*) 0x00007ffeb12c3450
 Begin Bits: [0x0000015924910000, 0x0000015926910000)
 End Bits:   [0x0000015926910000, 0x0000015928910000)

Polling page: 0x0000015910310000

Metaspace:

Usage:
  Non-class:     80.31 MB used.
      Class:      9.43 MB used.
       Both:     89.74 MB used.

Virtual space:
  Non-class space:      128.00 MB reserved,      81.25 MB ( 63%) committed,  2 nodes.
      Class space:        1.00 GB reserved,      10.25 MB (  1%) committed,  1 nodes.
             Both:        1.12 GB reserved,      91.50 MB (  8%) committed. 

Chunk freelists:
   Non-Class:  14.20 MB
       Class:  5.80 MB
        Both:  20.00 MB

MaxMetaspaceSize: unlimited
CompressedClassSpaceSize: 1.00 GB
Initial GC threshold: 21.00 MB
Current GC threshold: 146.50 MB
CDS: on
 - commit_granule_bytes: 65536.
 - commit_granule_words: 8192.
 - virtual_space_node_default_size: 8388608.
 - enlarge_chunks_in_place: 1.
 - use_allocation_guard: 0.


Internal statistics:

num_allocs_failed_limit: 9.
num_arena_births: 1488.
num_arena_deaths: 28.
num_vsnodes_births: 3.
num_vsnodes_deaths: 0.
num_space_committed: 1464.
num_space_uncommitted: 0.
num_chunks_returned_to_freelist: 44.
num_chunks_taken_from_freelist: 5581.
num_chunk_merges: 18.
num_chunk_splits: 3518.
num_chunks_enlarged: 2094.
num_inconsistent_stats: 0.

CodeHeap 'non-profiled nmethods': size=120000Kb used=16200Kb max_used=16200Kb free=103799Kb
 bounds [0x000001591d130000, 0x000001591e110000, 0x0000015924660000]
CodeHeap 'profiled nmethods': size=120000Kb used=41993Kb max_used=41993Kb free=78006Kb
 bounds [0x0000015915660000, 0x0000015917f70000, 0x000001591cb90000]
CodeHeap 'non-nmethods': size=5760Kb used=1560Kb max_used=1631Kb free=4199Kb
 bounds [0x000001591cb90000, 0x000001591ce00000, 0x000001591d130000]
CodeCache: size=245760Kb, used=59753Kb, max_used=59824Kb, free=186004Kb
 total_blobs=18186, nmethods=17302, adapters=789, full_count=0
Compilation: enabled, stopped_count=0, restarted_count=0

Compilation events (20 events):
Event: 792.860 Thread 0x00000159123ee5f0 19093       3       com.sun.org.apache.xerces.internal.dom.ChildNode::<init> (6 bytes)
Event: 792.860 Thread 0x00000159123ee5f0 nmethod 19093 0x0000015917f60890 code [0x0000015917f60a40, 0x0000015917f60c28]
Event: 792.866 Thread 0x00000159123ee5f0 19094       3       com.sun.org.apache.xml.internal.serializer.SerializerBase::isInEntityRef (13 bytes)
Event: 792.866 Thread 0x00000159123ee5f0 nmethod 19094 0x0000015917f60d10 code [0x0000015917f60ea0, 0x0000015917f61000]
Event: 792.878 Thread 0x00000159123ee5f0 19095       3       org.eclipse.core.internal.dtree.DataTreeWriter::writeNumber (47 bytes)
Event: 792.878 Thread 0x00000159123ee5f0 nmethod 19095 0x0000015917f61090 code [0x0000015917f61280, 0x0000015917f616a8]
Event: 792.878 Thread 0x00000159123ee5f0 19096       1       org.eclipse.core.internal.dtree.DataTreeNode::type (2 bytes)
Event: 792.878 Thread 0x00000159123ee5f0 nmethod 19096 0x000001591e100b10 code [0x000001591e100ca0, 0x000001591e100d68]
Event: 792.884 Thread 0x00000159123ee5f0 19097       3       org.eclipse.core.internal.resources.SaveManager$$Lambda/0x000001592a6d6f60::visitElement (35 bytes)
Event: 792.884 Thread 0x00000159123ee5f0 nmethod 19097 0x0000015917f61810 code [0x0000015917f619c0, 0x0000015917f61b58]
Event: 792.884 Thread 0x00000159123ee5f0 19098   !   3       org.eclipse.core.internal.resources.SaveManager::lambda$11 (132 bytes)
Event: 792.884 Thread 0x00000159123ee5f0 nmethod 19098 0x0000015917f61c10 code [0x0000015917f61e60, 0x0000015917f62650]
Event: 792.919 Thread 0x00000159123ee5f0 19099       3       org.eclipse.core.internal.localstore.SafeChunkyInputStream::compare (45 bytes)
Event: 792.920 Thread 0x00000159123ee5f0 nmethod 19099 0x0000015917f62b90 code [0x0000015917f62d40, 0x0000015917f62fa8]
Event: 792.920 Thread 0x00000159123ee5f0 19100       3       org.eclipse.core.internal.localstore.SafeChunkyInputStream::read (71 bytes)
Event: 792.920 Thread 0x00000159123ee5f0 nmethod 19100 0x0000015917f63110 code [0x0000015917f63320, 0x0000015917f637f8]
Event: 793.041 Thread 0x00000159123d31a0 19101  s    4       java.lang.StringBuffer::toString (34 bytes)
Event: 793.048 Thread 0x00000159123d31a0 nmethod 19101 0x000001591e100e10 code [0x000001591e101000, 0x000001591e1018d0]
Event: 793.048 Thread 0x00000159123d31a0 19102       4       sun.security.provider.HashDrbg::addBytes (130 bytes)
Event: 793.057 Thread 0x00000159123d31a0 nmethod 19102 0x000001591e101c90 code [0x000001591e101e20, 0x000001591e102170]

GC Heap History (20 events):
Event: 776.132 GC heap before
{Heap before GC invocations=2060 (full 4):
 PSYoungGen      total 10752K, used 10448K [0x00000000d5580000, 0x00000000d6200000, 0x0000000100000000)
  eden space 9728K, 100% used [0x00000000d5580000,0x00000000d5f00000,0x00000000d5f00000)
  from space 1024K, 70% used [0x00000000d5f00000,0x00000000d5fb4030,0x00000000d6000000)
  to   space 1536K, 0% used [0x00000000d6080000,0x00000000d6080000,0x00000000d6200000)
 ParOldGen       total 922112K, used 461651K [0x0000000080000000, 0x00000000b8480000, 0x00000000d5580000)
  object space 922112K, 50% used [0x0000000080000000,0x000000009c2d4eb0,0x00000000b8480000)
 Metaspace       used 90968K, committed 92736K, reserved 1179648K
  class space    used 9599K, committed 10368K, reserved 1048576K
}
Event: 776.139 GC heap after
{Heap after GC invocations=2060 (full 4):
 PSYoungGen      total 10752K, used 960K [0x00000000d5580000, 0x00000000d6180000, 0x0000000100000000)
  eden space 9728K, 0% used [0x00000000d5580000,0x00000000d5580000,0x00000000d5f00000)
  from space 1024K, 93% used [0x00000000d6080000,0x00000000d6170020,0x00000000d6180000)
  to   space 1024K, 0% used [0x00000000d5f00000,0x00000000d5f00000,0x00000000d6000000)
 ParOldGen       total 922112K, used 462019K [0x0000000080000000, 0x00000000b8480000, 0x00000000d5580000)
  object space 922112K, 50% used [0x0000000080000000,0x000000009c330eb0,0x00000000b8480000)
 Metaspace       used 90968K, committed 92736K, reserved 1179648K
  class space    used 9599K, committed 10368K, reserved 1048576K
}
Event: 776.211 GC heap before
{Heap before GC invocations=2061 (full 4):
 PSYoungGen      total 10752K, used 10688K [0x00000000d5580000, 0x00000000d6180000, 0x0000000100000000)
  eden space 9728K, 100% used [0x00000000d5580000,0x00000000d5f00000,0x00000000d5f00000)
  from space 1024K, 93% used [0x00000000d6080000,0x00000000d6170020,0x00000000d6180000)
  to   space 1024K, 0% used [0x00000000d5f00000,0x00000000d5f00000,0x00000000d6000000)
 ParOldGen       total 922112K, used 462019K [0x0000000080000000, 0x00000000b8480000, 0x00000000d5580000)
  object space 922112K, 50% used [0x0000000080000000,0x000000009c330eb0,0x00000000b8480000)
 Metaspace       used 90974K, committed 92736K, reserved 1179648K
  class space    used 9599K, committed 10368K, reserved 1048576K
}
Event: 776.216 GC heap after
{Heap after GC invocations=2061 (full 4):
 PSYoungGen      total 10752K, used 960K [0x00000000d5580000, 0x00000000d6100000, 0x0000000100000000)
  eden space 9728K, 0% used [0x00000000d5580000,0x00000000d5580000,0x00000000d5f00000)
  from space 1024K, 93% used [0x00000000d5f00000,0x00000000d5ff0020,0x00000000d6000000)
  to   space 1024K, 0% used [0x00000000d6000000,0x00000000d6000000,0x00000000d6100000)
 ParOldGen       total 922112K, used 462691K [0x0000000080000000, 0x00000000b8480000, 0x00000000d5580000)
  object space 922112K, 50% used [0x0000000080000000,0x000000009c3d8eb0,0x00000000b8480000)
 Metaspace       used 90974K, committed 92736K, reserved 1179648K
  class space    used 9599K, committed 10368K, reserved 1048576K
}
Event: 776.476 GC heap before
{Heap before GC invocations=2062 (full 4):
 PSYoungGen      total 10752K, used 10646K [0x00000000d5580000, 0x00000000d6100000, 0x0000000100000000)
  eden space 9728K, 99% used [0x00000000d5580000,0x00000000d5ef5b78,0x00000000d5f00000)
  from space 1024K, 93% used [0x00000000d5f00000,0x00000000d5ff0020,0x00000000d6000000)
  to   space 1024K, 0% used [0x00000000d6000000,0x00000000d6000000,0x00000000d6100000)
 ParOldGen       total 922112K, used 462691K [0x0000000080000000, 0x00000000b8480000, 0x00000000d5580000)
  object space 922112K, 50% used [0x0000000080000000,0x000000009c3d8eb0,0x00000000b8480000)
 Metaspace       used 90998K, committed 92736K, reserved 1179648K
  class space    used 9599K, committed 10368K, reserved 1048576K
}
Event: 776.479 GC heap after
{Heap after GC invocations=2062 (full 4):
 PSYoungGen      total 10752K, used 448K [0x00000000d5580000, 0x00000000d6100000, 0x0000000100000000)
  eden space 9728K, 0% used [0x00000000d5580000,0x00000000d5580000,0x00000000d5f00000)
  from space 1024K, 43% used [0x00000000d6000000,0x00000000d6070000,0x00000000d6100000)
  to   space 1024K, 0% used [0x00000000d5f00000,0x00000000d5f00000,0x00000000d6000000)
 ParOldGen       total 922112K, used 463283K [0x0000000080000000, 0x00000000b8480000, 0x00000000d5580000)
  object space 922112K, 50% used [0x0000000080000000,0x000000009c46cc60,0x00000000b8480000)
 Metaspace       used 90998K, committed 92736K, reserved 1179648K
  class space    used 9599K, committed 10368K, reserved 1048576K
}
Event: 776.799 GC heap before
{Heap before GC invocations=2063 (full 4):
 PSYoungGen      total 10752K, used 10176K [0x00000000d5580000, 0x00000000d6100000, 0x0000000100000000)
  eden space 9728K, 100% used [0x00000000d5580000,0x00000000d5f00000,0x00000000d5f00000)
  from space 1024K, 43% used [0x00000000d6000000,0x00000000d6070000,0x00000000d6100000)
  to   space 1024K, 0% used [0x00000000d5f00000,0x00000000d5f00000,0x00000000d6000000)
 ParOldGen       total 922112K, used 463283K [0x0000000080000000, 0x00000000b8480000, 0x00000000d5580000)
  object space 922112K, 50% used [0x0000000080000000,0x000000009c46cc60,0x00000000b8480000)
 Metaspace       used 91002K, committed 92800K, reserved 1179648K
  class space    used 9601K, committed 10432K, reserved 1048576K
}
Event: 776.803 GC heap after
{Heap after GC invocations=2063 (full 4):
 PSYoungGen      total 10752K, used 256K [0x00000000d5580000, 0x00000000d6080000, 0x0000000100000000)
  eden space 9728K, 0% used [0x00000000d5580000,0x00000000d5580000,0x00000000d5f00000)
  from space 1024K, 25% used [0x00000000d5f00000,0x00000000d5f40000,0x00000000d6000000)
  to   space 512K, 0% used [0x00000000d6000000,0x00000000d6000000,0x00000000d6080000)
 ParOldGen       total 922112K, used 463547K [0x0000000080000000, 0x00000000b8480000, 0x00000000d5580000)
  object space 922112K, 50% used [0x0000000080000000,0x000000009c4aec60,0x00000000b8480000)
 Metaspace       used 91002K, committed 92800K, reserved 1179648K
  class space    used 9601K, committed 10432K, reserved 1048576K
}
Event: 776.974 GC heap before
{Heap before GC invocations=2064 (full 4):
 PSYoungGen      total 10752K, used 9984K [0x00000000d5580000, 0x00000000d6080000, 0x0000000100000000)
  eden space 9728K, 100% used [0x00000000d5580000,0x00000000d5f00000,0x00000000d5f00000)
  from space 1024K, 25% used [0x00000000d5f00000,0x00000000d5f40000,0x00000000d6000000)
  to   space 512K, 0% used [0x00000000d6000000,0x00000000d6000000,0x00000000d6080000)
 ParOldGen       total 922112K, used 463547K [0x0000000080000000, 0x00000000b8480000, 0x00000000d5580000)
  object space 922112K, 50% used [0x0000000080000000,0x000000009c4aec60,0x00000000b8480000)
 Metaspace       used 91176K, committed 92992K, reserved 1179648K
  class space    used 9617K, committed 10432K, reserved 1048576K
}
Event: 776.977 GC heap after
{Heap after GC invocations=2064 (full 4):
 PSYoungGen      total 10240K, used 480K [0x00000000d5580000, 0x00000000d6100000, 0x0000000100000000)
  eden space 9728K, 0% used [0x00000000d5580000,0x00000000d5580000,0x00000000d5f00000)
  from space 512K, 93% used [0x00000000d6000000,0x00000000d6078000,0x00000000d6080000)
  to   space 1024K, 0% used [0x00000000d5f00000,0x00000000d5f00000,0x00000000d6000000)
 ParOldGen       total 922112K, used 463691K [0x0000000080000000, 0x00000000b8480000, 0x00000000d5580000)
  object space 922112K, 50% used [0x0000000080000000,0x000000009c4d2c60,0x00000000b8480000)
 Metaspace       used 91176K, committed 92992K, reserved 1179648K
  class space    used 9617K, committed 10432K, reserved 1048576K
}
Event: 777.208 GC heap before
{Heap before GC invocations=2065 (full 4):
 PSYoungGen      total 10240K, used 10208K [0x00000000d5580000, 0x00000000d6100000, 0x0000000100000000)
  eden space 9728K, 100% used [0x00000000d5580000,0x00000000d5f00000,0x00000000d5f00000)
  from space 512K, 93% used [0x00000000d6000000,0x00000000d6078000,0x00000000d6080000)
  to   space 1024K, 0% used [0x00000000d5f00000,0x00000000d5f00000,0x00000000d6000000)
 ParOldGen       total 922112K, used 463691K [0x0000000080000000, 0x00000000b8480000, 0x00000000d5580000)
  object space 922112K, 50% used [0x0000000080000000,0x000000009c4d2c60,0x00000000b8480000)
 Metaspace       used 91192K, committed 92992K, reserved 1179648K
  class space    used 9618K, committed 10432K, reserved 1048576K
}
Event: 777.212 GC heap after
{Heap after GC invocations=2065 (full 4):
 PSYoungGen      total 10752K, used 352K [0x00000000d5580000, 0x00000000d6080000, 0x0000000100000000)
  eden space 9728K, 0% used [0x00000000d5580000,0x00000000d5580000,0x00000000d5f00000)
  from space 1024K, 34% used [0x00000000d5f00000,0x00000000d5f58000,0x00000000d6000000)
  to   space 512K, 0% used [0x00000000d6000000,0x00000000d6000000,0x00000000d6080000)
 ParOldGen       total 922112K, used 464064K [0x0000000080000000, 0x00000000b8480000, 0x00000000d5580000)
  object space 922112K, 50% used [0x0000000080000000,0x000000009c530398,0x00000000b8480000)
 Metaspace       used 91192K, committed 92992K, reserved 1179648K
  class space    used 9618K, committed 10432K, reserved 1048576K
}
Event: 777.559 GC heap before
{Heap before GC invocations=2066 (full 4):
 PSYoungGen      total 10752K, used 9664K [0x00000000d5580000, 0x00000000d6080000, 0x0000000100000000)
  eden space 9728K, 95% used [0x00000000d5580000,0x00000000d5e98160,0x00000000d5f00000)
  from space 1024K, 34% used [0x00000000d5f00000,0x00000000d5f58000,0x00000000d6000000)
  to   space 512K, 0% used [0x00000000d6000000,0x00000000d6000000,0x00000000d6080000)
 ParOldGen       total 922112K, used 464064K [0x0000000080000000, 0x00000000b8480000, 0x00000000d5580000)
  object space 922112K, 50% used [0x0000000080000000,0x000000009c530398,0x00000000b8480000)
 Metaspace       used 91213K, committed 92992K, reserved 1179648K
  class space    used 9619K, committed 10432K, reserved 1048576K
}
Event: 777.561 GC heap after
{Heap after GC invocations=2066 (full 4):
 PSYoungGen      total 10240K, used 288K [0x00000000d5580000, 0x00000000d6080000, 0x0000000100000000)
  eden space 9728K, 0% used [0x00000000d5580000,0x00000000d5580000,0x00000000d5f00000)
  from space 512K, 56% used [0x00000000d6000000,0x00000000d6048000,0x00000000d6080000)
  to   space 512K, 0% used [0x00000000d5f80000,0x00000000d5f80000,0x00000000d6000000)
 ParOldGen       total 922112K, used 464160K [0x0000000080000000, 0x00000000b8480000, 0x00000000d5580000)
  object space 922112K, 50% used [0x0000000080000000,0x000000009c548398,0x00000000b8480000)
 Metaspace       used 91213K, committed 92992K, reserved 1179648K
  class space    used 9619K, committed 10432K, reserved 1048576K
}
Event: 777.824 GC heap before
{Heap before GC invocations=2067 (full 4):
 PSYoungGen      total 10240K, used 10016K [0x00000000d5580000, 0x00000000d6080000, 0x0000000100000000)
  eden space 9728K, 100% used [0x00000000d5580000,0x00000000d5f00000,0x00000000d5f00000)
  from space 512K, 56% used [0x00000000d6000000,0x00000000d6048000,0x00000000d6080000)
  to   space 512K, 0% used [0x00000000d5f80000,0x00000000d5f80000,0x00000000d6000000)
 ParOldGen       total 922112K, used 464160K [0x0000000080000000, 0x00000000b8480000, 0x00000000d5580000)
  object space 922112K, 50% used [0x0000000080000000,0x000000009c548398,0x00000000b8480000)
 Metaspace       used 91304K, committed 93056K, reserved 1179648K
  class space    used 9624K, committed 10432K, reserved 1048576K
}
Event: 777.836 GC heap after
{Heap after GC invocations=2067 (full 4):
 PSYoungGen      total 10240K, used 509K [0x00000000d5580000, 0x00000000d6a00000, 0x0000000100000000)
  eden space 9728K, 0% used [0x00000000d5580000,0x00000000d5580000,0x00000000d5f00000)
  from space 512K, 99% used [0x00000000d5f80000,0x00000000d5fff698,0x00000000d6000000)
  to   space 5632K, 0% used [0x00000000d6480000,0x00000000d6480000,0x00000000d6a00000)
 ParOldGen       total 922112K, used 468457K [0x0000000080000000, 0x00000000b8480000, 0x00000000d5580000)
  object space 922112K, 50% used [0x0000000080000000,0x000000009c97a5d0,0x00000000b8480000)
 Metaspace       used 91304K, committed 93056K, reserved 1179648K
  class space    used 9624K, committed 10432K, reserved 1048576K
}
Event: 778.192 GC heap before
{Heap before GC invocations=2068 (full 4):
 PSYoungGen      total 10240K, used 10237K [0x00000000d5580000, 0x00000000d6a00000, 0x0000000100000000)
  eden space 9728K, 100% used [0x00000000d5580000,0x00000000d5f00000,0x00000000d5f00000)
  from space 512K, 99% used [0x00000000d5f80000,0x00000000d5fff698,0x00000000d6000000)
  to   space 5632K, 0% used [0x00000000d6480000,0x00000000d6480000,0x00000000d6a00000)
 ParOldGen       total 922112K, used 468457K [0x0000000080000000, 0x00000000b8480000, 0x00000000d5580000)
  object space 922112K, 50% used [0x0000000080000000,0x000000009c97a5d0,0x00000000b8480000)
 Metaspace       used 91473K, committed 93248K, reserved 1179648K
  class space    used 9626K, committed 10432K, reserved 1048576K
}
Event: 778.198 GC heap after
{Heap after GC invocations=2068 (full 4):
 PSYoungGen      total 11776K, used 1632K [0x00000000d5580000, 0x00000000d6680000, 0x0000000100000000)
  eden space 9728K, 0% used [0x00000000d5580000,0x00000000d5580000,0x00000000d5f00000)
  from space 2048K, 79% used [0x00000000d6480000,0x00000000d6618020,0x00000000d6680000)
  to   space 3072K, 0% used [0x00000000d6080000,0x00000000d6080000,0x00000000d6380000)
 ParOldGen       total 922112K, used 468978K [0x0000000080000000, 0x00000000b8480000, 0x00000000d5580000)
  object space 922112K, 50% used [0x0000000080000000,0x000000009c9fcb40,0x00000000b8480000)
 Metaspace       used 91473K, committed 93248K, reserved 1179648K
  class space    used 9626K, committed 10432K, reserved 1048576K
}
Event: 778.471 GC heap before
{Heap before GC invocations=2069 (full 4):
 PSYoungGen      total 11776K, used 11360K [0x00000000d5580000, 0x00000000d6680000, 0x0000000100000000)
  eden space 9728K, 100% used [0x00000000d5580000,0x00000000d5f00000,0x00000000d5f00000)
  from space 2048K, 79% used [0x00000000d6480000,0x00000000d6618020,0x00000000d6680000)
  to   space 3072K, 0% used [0x00000000d6080000,0x00000000d6080000,0x00000000d6380000)
 ParOldGen       total 922112K, used 468978K [0x0000000080000000, 0x00000000b8480000, 0x00000000d5580000)
  object space 922112K, 50% used [0x0000000080000000,0x000000009c9fcb40,0x00000000b8480000)
 Metaspace       used 91533K, committed 93312K, reserved 1179648K
  class space    used 9626K, committed 10432K, reserved 1048576K
}
Event: 778.550 GC heap after
{Heap after GC invocations=2069 (full 4):
 PSYoungGen      total 12800K, used 3051K [0x00000000d5580000, 0x00000000d6f00000, 0x0000000100000000)
  eden space 9728K, 0% used [0x00000000d5580000,0x00000000d5580000,0x00000000d5f00000)
  from space 3072K, 99% used [0x00000000d6080000,0x00000000d637af70,0x00000000d6380000)
  to   space 8192K, 0% used [0x00000000d6700000,0x00000000d6700000,0x00000000d6f00000)
 ParOldGen       total 922112K, used 472797K [0x0000000080000000, 0x00000000b8480000, 0x00000000d5580000)
  object space 922112K, 51% used [0x0000000080000000,0x000000009cdb7670,0x00000000b8480000)
 Metaspace       used 91533K, committed 93312K, reserved 1179648K
  class space    used 9626K, committed 10432K, reserved 1048576K
}

Dll operation events (14 events):
Event: 0.019 Loaded shared library c:\Users\DELL\.vscode\extensions\redhat.java-1.53.0-win32-x64\jre\21.0.10-win32-x86_64\bin\java.dll
Event: 0.132 Loaded shared library c:\Users\DELL\.vscode\extensions\redhat.java-1.53.0-win32-x64\jre\21.0.10-win32-x86_64\bin\zip.dll
Event: 0.163 Loaded shared library C:\Users\DELL\.vscode\extensions\redhat.java-1.53.0-win32-x64\jre\21.0.10-win32-x86_64\bin\instrument.dll
Event: 0.172 Loaded shared library C:\Users\DELL\.vscode\extensions\redhat.java-1.53.0-win32-x64\jre\21.0.10-win32-x86_64\bin\net.dll
Event: 0.177 Loaded shared library C:\Users\DELL\.vscode\extensions\redhat.java-1.53.0-win32-x64\jre\21.0.10-win32-x86_64\bin\nio.dll
Event: 0.184 Loaded shared library C:\Users\DELL\.vscode\extensions\redhat.java-1.53.0-win32-x64\jre\21.0.10-win32-x86_64\bin\zip.dll
Event: 0.221 Loaded shared library C:\Users\DELL\.vscode\extensions\redhat.java-1.53.0-win32-x64\jre\21.0.10-win32-x86_64\bin\jimage.dll
Event: 0.406 Loaded shared library c:\Users\DELL\.vscode\extensions\redhat.java-1.53.0-win32-x64\jre\21.0.10-win32-x86_64\bin\verify.dll
Event: 6.908 Loaded shared library C:\Users\DELL\AppData\Roaming\Code\User\globalStorage\redhat.java\1.53.0\config_win\org.eclipse.equinox.launcher\org.eclipse.equinox.launcher.win32.win32.x86_64_1.3.0.v20260203-2149\eclipse_11919.dll
Event: 17.579 Loaded shared library C:\Users\DELL\.vscode\extensions\redhat.java-1.53.0-win32-x64\jre\21.0.10-win32-x86_64\bin\management.dll
Event: 17.584 Loaded shared library C:\Users\DELL\.vscode\extensions\redhat.java-1.53.0-win32-x64\jre\21.0.10-win32-x86_64\bin\management_ext.dll
Event: 20.875 Loaded shared library C:\Users\DELL\AppData\Local\Temp\jna-2094529\jna14846364135417153045.dll
Event: 21.562 Loaded shared library C:\Users\DELL\.vscode\extensions\redhat.java-1.53.0-win32-x64\jre\21.0.10-win32-x86_64\bin\sunmscapi.dll
Event: 22.677 Loaded shared library C:\Users\DELL\.vscode\extensions\redhat.java-1.53.0-win32-x64\jre\21.0.10-win32-x86_64\bin\extnet.dll

Deoptimization events (20 events):
Event: 777.697 Thread 0x0000015972294cf0 Uncommon trap: trap_request=0xffffffc6 fr.pc=0x000001591d3e9c8c relative=0x0000000000000e2c
Event: 777.697 Thread 0x0000015972294cf0 Uncommon trap: reason=bimorphic_or_optimized_type_check action=maybe_recompile pc=0x000001591d3e9c8c method=org.eclipse.core.internal.dtree.DeltaDataTree.getData(Lorg/eclipse/core/runtime/IPath;)Ljava/lang/Object; @ 49 c2
Event: 777.697 Thread 0x0000015972294cf0 DEOPT PACKING pc=0x000001591d3e9c8c sp=0x000000161effe890
Event: 777.697 Thread 0x0000015972294cf0 DEOPT UNPACKING pc=0x000001591cbe6da2 sp=0x000000161effe840 mode 2
Event: 777.859 Thread 0x0000015972295380 DEOPT PACKING pc=0x0000015917c14623 sp=0x000000161c9fe010
Event: 777.859 Thread 0x0000015972295380 DEOPT UNPACKING pc=0x000001591cbe78e2 sp=0x000000161c9fd570 mode 0
Event: 792.875 Thread 0x0000015972294cf0 Uncommon trap: trap_request=0xffffffc6 fr.pc=0x000001591e08b4b4 relative=0x00000000000016d4
Event: 792.875 Thread 0x0000015972294cf0 Uncommon trap: reason=bimorphic_or_optimized_type_check action=maybe_recompile pc=0x000001591e08b4b4 method=org.eclipse.core.internal.dtree.AbstractDataTreeNode.assembleWith([Lorg/eclipse/core/internal/dtree/AbstractDataTreeNode;[Lorg/eclipse/core/interna
Event: 792.875 Thread 0x0000015972294cf0 DEOPT PACKING pc=0x000001591e08b4b4 sp=0x000000161effeae0
Event: 792.875 Thread 0x0000015972294cf0 DEOPT UNPACKING pc=0x000001591cbe6da2 sp=0x000000161effeaa0 mode 2
Event: 792.920 Thread 0x0000015972294cf0 Uncommon trap: trap_request=0xffffffc6 fr.pc=0x000001591dc3fb2c relative=0x0000000000002f2c
Event: 792.921 Thread 0x0000015972294cf0 Uncommon trap: reason=bimorphic_or_optimized_type_check action=maybe_recompile pc=0x000001591dc3fb2c method=java.util.Properties.load0(Ljava/util/Properties$LineReader;)V @ 241 c2
Event: 792.921 Thread 0x0000015972294cf0 DEOPT PACKING pc=0x000001591dc3fb2c sp=0x000000161effec00
Event: 792.921 Thread 0x0000015972294cf0 DEOPT UNPACKING pc=0x000001591cbe6da2 sp=0x000000161effec10 mode 2
Event: 792.921 Thread 0x0000015972294cf0 Uncommon trap: trap_request=0xffffffde fr.pc=0x000001591d6baac8 relative=0x0000000000000528
Event: 792.921 Thread 0x0000015972294cf0 Uncommon trap: reason=class_check action=maybe_recompile pc=0x000001591d6baac8 method=java.util.Properties.load0(Ljava/util/Properties$LineReader;)V @ 241 c2
Event: 792.921 Thread 0x0000015972294cf0 DEOPT PACKING pc=0x000001591d6baac8 sp=0x000000161effec80
Event: 792.921 Thread 0x0000015972294cf0 DEOPT UNPACKING pc=0x000001591cbe6da2 sp=0x000000161effec10 mode 2
Event: 793.041 Thread 0x0000015972294cf0 DEOPT PACKING pc=0x00000159173933cd sp=0x000000161effea80
Event: 793.041 Thread 0x0000015972294cf0 DEOPT UNPACKING pc=0x000001591cbe78e2 sp=0x000000161effdee0 mode 0

Classes loaded (20 events):
Event: 509.076 Loading class sun/security/ssl/SSLEngineOutputRecord$HandshakeFragment
Event: 509.077 Loading class sun/security/ssl/SSLEngineOutputRecord$HandshakeFragment done
Event: 509.078 Loading class sun/security/ssl/SSLEngineOutputRecord$HandshakeMemo
Event: 509.078 Loading class sun/security/ssl/SSLEngineOutputRecord$RecordMemo
Event: 509.078 Loading class sun/security/ssl/SSLEngineOutputRecord$RecordMemo done
Event: 509.078 Loading class sun/security/ssl/SSLEngineOutputRecord$HandshakeMemo done
Event: 509.106 Loading class sun/security/ssl/PreSharedKeyExtension$SHPreSharedKeySpec
Event: 509.107 Loading class sun/security/ssl/PreSharedKeyExtension$SHPreSharedKeySpec done
Event: 531.204 Loading class java/util/HashMap$UnsafeHolder
Event: 531.205 Loading class java/util/HashMap$UnsafeHolder done
Event: 531.208 Loading class java/io/ObjectStreamClass$RecordSupport
Event: 531.311 Loading class java/io/ObjectStreamClass$RecordSupport done
Event: 531.324 Loading class java/io/ObjectStreamClass$DeserializationConstructorsCache$Key$Lookup
Event: 531.324 Loading class java/io/ObjectStreamClass$DeserializationConstructorsCache$Key
Event: 531.325 Loading class java/io/ObjectStreamClass$DeserializationConstructorsCache$Key done
Event: 531.325 Loading class java/io/ObjectStreamClass$DeserializationConstructorsCache$Key$Lookup done
Event: 531.340 Loading class java/lang/invoke/BoundMethodHandle$Species_LIL
Event: 531.340 Loading class java/lang/invoke/BoundMethodHandle$Species_LIL done
Event: 531.351 Loading class java/io/ObjectStreamClass$DeserializationConstructorsCache$Key$Impl
Event: 531.351 Loading class java/io/ObjectStreamClass$DeserializationConstructorsCache$Key$Impl done

Classes unloaded (14 events):
Event: 18.689 Thread 0x00000159123a1430 Unloading class 0x000001592a1b5000 'java/lang/invoke/LambdaForm$MH+0x000001592a1b5000'
Event: 18.689 Thread 0x00000159123a1430 Unloading class 0x000001592a1b4c00 'java/lang/invoke/LambdaForm$MH+0x000001592a1b4c00'
Event: 18.689 Thread 0x00000159123a1430 Unloading class 0x000001592a1b4800 'java/lang/invoke/LambdaForm$MH+0x000001592a1b4800'
Event: 18.689 Thread 0x00000159123a1430 Unloading class 0x000001592a1b4400 'java/lang/invoke/LambdaForm$MH+0x000001592a1b4400'
Event: 18.689 Thread 0x00000159123a1430 Unloading class 0x000001592a1b4000 'java/lang/invoke/LambdaForm$BMH+0x000001592a1b4000'
Event: 18.689 Thread 0x00000159123a1430 Unloading class 0x000001592a1b3c00 'java/lang/invoke/LambdaForm$DMH+0x000001592a1b3c00'
Event: 18.689 Thread 0x00000159123a1430 Unloading class 0x000001592a1b2800 'java/lang/invoke/LambdaForm$DMH+0x000001592a1b2800'
Event: 21.282 Thread 0x00000159123a1430 Unloading class 0x000001592a2fd800 'java/lang/invoke/LambdaForm$DMH+0x000001592a2fd800'
Event: 21.282 Thread 0x00000159123a1430 Unloading class 0x000001592a2f8800 'java/lang/invoke/LambdaForm$DMH+0x000001592a2f8800'
Event: 45.153 Thread 0x00000159123a1430 Unloading class 0x000001592a660c00 'java/lang/invoke/LambdaForm$DMH+0x000001592a660c00'
Event: 45.153 Thread 0x00000159123a1430 Unloading class 0x000001592a660800 'java/lang/invoke/LambdaForm$DMH+0x000001592a660800'
Event: 45.153 Thread 0x00000159123a1430 Unloading class 0x000001592a660000 'java/lang/invoke/LambdaForm$DMH+0x000001592a660000'
Event: 45.153 Thread 0x00000159123a1430 Unloading class 0x000001592a660400 'java/lang/invoke/LambdaForm$DMH+0x000001592a660400'
Event: 541.928 Thread 0x00000159123a1430 Unloading class 0x000001592a82bc00 'java/lang/invoke/LambdaForm$DMH+0x000001592a82bc00'

Classes redefined (0 events):
No events

Internal exceptions (20 events):
Event: 777.532 Thread 0x0000015972294cf0 Exception <a 'sun/nio/fs/WindowsException'{0x00000000d5e6def8}> (0x00000000d5e6def8) 
thrown [s\src\hotspot\share\prims\jni.cpp, line 520]
Event: 777.574 Thread 0x0000015972294cf0 Exception <a 'sun/nio/fs/WindowsException'{0x00000000d5693a88}> (0x00000000d5693a88) 
thrown [s\src\hotspot\share\prims\jni.cpp, line 520]
Event: 777.574 Thread 0x0000015972294cf0 Exception <a 'sun/nio/fs/WindowsException'{0x00000000d5694450}> (0x00000000d5694450) 
thrown [s\src\hotspot\share\prims\jni.cpp, line 520]
Event: 777.579 Thread 0x0000015972294cf0 Exception <a 'sun/nio/fs/WindowsException'{0x00000000d56d3920}> (0x00000000d56d3920) 
thrown [s\src\hotspot\share\prims\jni.cpp, line 520]
Event: 777.580 Thread 0x0000015972294cf0 Exception <a 'sun/nio/fs/WindowsException'{0x00000000d56d42e8}> (0x00000000d56d42e8) 
thrown [s\src\hotspot\share\prims\jni.cpp, line 520]
Event: 777.630 Thread 0x0000015972294cf0 Exception <a 'sun/nio/fs/WindowsException'{0x00000000d58a86f8}> (0x00000000d58a86f8) 
thrown [s\src\hotspot\share\prims\jni.cpp, line 520]
Event: 777.633 Thread 0x0000015970344ea0 Exception <a 'sun/nio/fs/WindowsException'{0x00000000d58a9e88}> (0x00000000d58a9e88) 
thrown [s\src\hotspot\share\prims\jni.cpp, line 520]
Event: 777.634 Thread 0x0000015970342dd0 Exception <a 'sun/nio/fs/WindowsException'{0x00000000d58addf8}> (0x00000000d58addf8) 
thrown [s\src\hotspot\share\prims\jni.cpp, line 520]
Event: 777.635 Thread 0x0000015972b5c250 Exception <a 'sun/nio/fs/WindowsException'{0x00000000d58b1d98}> (0x00000000d58b1d98) 
thrown [s\src\hotspot\share\prims\jni.cpp, line 520]
Event: 777.635 Thread 0x000001597033f2c0 Exception <a 'sun/nio/fs/WindowsException'{0x00000000d58b5cc0}> (0x00000000d58b5cc0) 
thrown [s\src\hotspot\share\prims\jni.cpp, line 520]
Event: 777.635 Thread 0x0000015972b5bbc0 Exception <a 'sun/nio/fs/WindowsException'{0x00000000d58bdfb0}> (0x00000000d58bdfb0) 
thrown [s\src\hotspot\share\prims\jni.cpp, line 520]
Event: 777.635 Thread 0x0000015972b5dc90 Exception <a 'sun/nio/fs/WindowsException'{0x00000000d58c1fc0}> (0x00000000d58c1fc0) 
thrown [s\src\hotspot\share\prims\jni.cpp, line 520]
Event: 777.635 Thread 0x0000015972b580b0 Exception <a 'sun/nio/fs/WindowsException'{0x00000000d58ce340}> (0x00000000d58ce340) 
thrown [s\src\hotspot\share\prims\jni.cpp, line 520]
Event: 777.648 Thread 0x0000015972294cf0 Exception <a 'sun/nio/fs/WindowsException'{0x00000000d58e2078}> (0x00000000d58e2078) 
thrown [s\src\hotspot\share\prims\jni.cpp, line 520]
Event: 777.649 Thread 0x0000015970344ea0 Exception <a 'sun/nio/fs/WindowsException'{0x00000000d58aac98}> (0x00000000d58aac98) 
thrown [s\src\hotspot\share\prims\jni.cpp, line 520]
Event: 777.650 Thread 0x0000015970342dd0 Exception <a 'sun/nio/fs/WindowsException'{0x00000000d58afa08}> (0x00000000d58afa08) 
thrown [s\src\hotspot\share\prims\jni.cpp, line 520]
Event: 778.584 Thread 0x0000015972295380 Exception <a 'sun/nio/fs/WindowsException'{0x00000000d558ac38}> (0x00000000d558ac38) 
thrown [s\src\hotspot\share\prims\jni.cpp, line 520]
Event: 778.584 Thread 0x0000015972295380 Exception <a 'sun/nio/fs/WindowsException'{0x00000000d558b350}> (0x00000000d558b350) 
thrown [s\src\hotspot\share\prims\jni.cpp, line 520]
Event: 792.842 Thread 0x0000015972294cf0 Exception <a 'sun/nio/fs/WindowsException'{0x00000000d5a99ed8}> (0x00000000d5a99ed8) 
thrown [s\src\hotspot\share\prims\jni.cpp, line 520]
Event: 792.842 Thread 0x0000015972294cf0 Exception <a 'sun/nio/fs/WindowsException'{0x00000000d5a9a8a0}> (0x00000000d5a9a8a0) 
thrown [s\src\hotspot\share\prims\jni.cpp, line 520]

ZGC Phase Switch (0 events):
No events

VM Operations (20 events):
Event: 776.974 Executing safepoint VM operation: ParallelGCFailedAllocation (Allocation Failure)
Event: 776.977 Executing safepoint VM operation: ParallelGCFailedAllocation (Allocation Failure) done
Event: 777.208 Executing safepoint VM operation: ParallelGCFailedAllocation (Allocation Failure)
Event: 777.212 Executing safepoint VM operation: ParallelGCFailedAllocation (Allocation Failure) done
Event: 777.558 Executing safepoint VM operation: ParallelGCFailedAllocation (Allocation Failure)
Event: 777.561 Executing safepoint VM operation: ParallelGCFailedAllocation (Allocation Failure) done
Event: 777.824 Executing safepoint VM operation: ParallelGCFailedAllocation (Allocation Failure)
Event: 777.836 Executing safepoint VM operation: ParallelGCFailedAllocation (Allocation Failure) done
Event: 778.192 Executing safepoint VM operation: ParallelGCFailedAllocation (Allocation Failure)
Event: 778.198 Executing safepoint VM operation: ParallelGCFailedAllocation (Allocation Failure) done
Event: 778.471 Executing safepoint VM operation: ParallelGCFailedAllocation (Allocation Failure)
Event: 778.550 Executing safepoint VM operation: ParallelGCFailedAllocation (Allocation Failure) done
Event: 779.551 Executing safepoint VM operation: Cleanup
Event: 779.551 Executing safepoint VM operation: Cleanup done
Event: 786.488 Executing non-safepoint VM operation: HandshakeAllThreads (HandshakeForDeflation)
Event: 786.488 Executing non-safepoint VM operation: HandshakeAllThreads (HandshakeForDeflation) done
Event: 786.488 Executing non-safepoint VM operation: RendezvousGCThreads
Event: 786.488 Executing non-safepoint VM operation: RendezvousGCThreads done
Event: 793.514 Executing safepoint VM operation: Cleanup
Event: 793.514 Executing safepoint VM operation: Cleanup done

Memory protections (0 events):
No events

Nmethod flushes (20 events):
Event: 543.709 Thread 0x00000159123a1430 flushing  nmethod 0x0000015916853410
Event: 543.709 Thread 0x00000159123a1430 flushing  nmethod 0x0000015916860910
Event: 543.710 Thread 0x00000159123a1430 flushing  nmethod 0x0000015916878a90
Event: 543.710 Thread 0x00000159123a1430 flushing  nmethod 0x000001591687d010
Event: 543.710 Thread 0x00000159123a1430 flushing  nmethod 0x0000015916880610
Event: 543.710 Thread 0x00000159123a1430 flushing  nmethod 0x000001591688ae10
Event: 543.710 Thread 0x00000159123a1430 flushing  nmethod 0x000001591688d090
Event: 543.710 Thread 0x00000159123a1430 flushing  nmethod 0x000001591688db90
Event: 543.710 Thread 0x00000159123a1430 flushing  nmethod 0x000001591688e890
Event: 543.710 Thread 0x00000159123a1430 flushing  nmethod 0x000001591688ed10
Event: 543.710 Thread 0x00000159123a1430 flushing  nmethod 0x0000015916897d90
Event: 543.710 Thread 0x00000159123a1430 flushing  nmethod 0x00000159168a8b90
Event: 543.710 Thread 0x00000159123a1430 flushing  nmethod 0x00000159168acc10
Event: 543.711 Thread 0x00000159123a1430 flushing  nmethod 0x00000159168c9910
Event: 543.711 Thread 0x00000159123a1430 flushing  nmethod 0x00000159168ca990
Event: 543.711 Thread 0x00000159123a1430 flushing  nmethod 0x00000159168cae10
Event: 543.711 Thread 0x00000159123a1430 flushing  nmethod 0x00000159168cc790
Event: 543.711 Thread 0x00000159123a1430 flushing  nmethod 0x0000015916910190
Event: 543.711 Thread 0x00000159123a1430 flushing  nmethod 0x000001591693c190
Event: 543.711 Thread 0x00000159123a1430 flushing  nmethod 0x0000015916997a90

Events (20 events):
Event: 776.835 Thread 0x0000015972294cf0 Thread added: 0x0000015972b5dc90
Event: 776.835 Thread 0x0000015972294cf0 Thread added: 0x0000015972b58dd0
Event: 776.835 Thread 0x0000015972294cf0 Thread added: 0x0000015972b59460
Event: 776.835 Thread 0x0000015972294cf0 Thread added: 0x0000015972b59af0
Event: 776.855 Thread 0x0000015972b59460 Thread exited: 0x0000015972b59460
Event: 776.855 Thread 0x0000015972b5dc90 Thread exited: 0x0000015972b5dc90
Event: 776.855 Thread 0x0000015972b59af0 Thread exited: 0x0000015972b59af0
Event: 776.855 Thread 0x0000015972b580b0 Thread exited: 0x0000015972b580b0
Event: 776.855 Thread 0x0000015972b58dd0 Thread exited: 0x0000015972b58dd0
Event: 777.122 Thread 0x0000015973b45240 Thread exited: 0x0000015973b45240
Event: 777.415 Thread 0x0000015972295380 Thread added: 0x0000015972b5aea0
Event: 777.634 Thread 0x0000015972b5c8e0 Thread added: 0x0000015972b5dc90
Event: 777.634 Thread 0x0000015972b5bbc0 Thread added: 0x0000015972b580b0
Event: 777.792 Thread 0x00000159123ee5f0 Thread added: 0x0000015973b44b70
Event: 777.991 Thread 0x0000015972295380 Thread added: 0x0000015972b58dd0
Event: 778.725 Thread 0x0000015973b44b70 Thread exited: 0x0000015973b44b70
Event: 792.844 Thread 0x0000015972294cf0 Thread added: 0x0000015972b59af0
Event: 792.846 Thread 0x0000015972b59af0 Thread exited: 0x0000015972b59af0
Event: 792.869 Thread 0x0000015972294cf0 Thread added: 0x0000015972b59af0
Event: 792.870 Thread 0x0000015972b59af0 Thread exited: 0x0000015972b59af0


Dynamic libraries:
0x00007ff62a6b0000 - 0x00007ff62a6be000 	c:\Users\DELL\.vscode\extensions\redhat.java-1.53.0-win32-x64\jre\21.0.10-win32-x86_64\bin\java.exe
0x00007fff50ca0000 - 0x00007fff50ea9000 	C:\WINDOWS\SYSTEM32\ntdll.dll
0x00007fff4f8c0000 - 0x00007fff4f97d000 	C:\WINDOWS\System32\KERNEL32.DLL
0x00007fff4e380000 - 0x00007fff4e704000 	C:\WINDOWS\System32\KERNELBASE.dll
0x00007fff4e130000 - 0x00007fff4e241000 	C:\WINDOWS\System32\ucrtbase.dll
0x00007fff16a80000 - 0x00007fff16a98000 	c:\Users\DELL\.vscode\extensions\redhat.java-1.53.0-win32-x64\jre\21.0.10-win32-x86_64\bin\jli.dll
0x00007fff359c0000 - 0x00007fff359de000 	c:\Users\DELL\.vscode\extensions\redhat.java-1.53.0-win32-x64\jre\21.0.10-win32-x86_64\bin\VCRUNTIME140.dll
0x00007fff4ebd0000 - 0x00007fff4ed7d000 	C:\WINDOWS\System32\USER32.dll
0x00007fff4e950000 - 0x00007fff4e976000 	C:\WINDOWS\System32\win32u.dll
0x00007fff500b0000 - 0x00007fff500da000 	C:\WINDOWS\System32\GDI32.dll
0x00007fff4e790000 - 0x00007fff4e8ae000 	C:\WINDOWS\System32\gdi32full.dll
0x00007fff4e8b0000 - 0x00007fff4e94d000 	C:\WINDOWS\System32\msvcp_win.dll
0x00007fff37e10000 - 0x00007fff380b5000 	C:\WINDOWS\WinSxS\amd64_microsoft.windows.common-controls_6595b64144ccf1df_6.0.22000.120_none_9d947278b86cc467\COMCTL32.dll
0x00007fff500e0000 - 0x00007fff50183000 	C:\WINDOWS\System32\msvcrt.dll
0x00007fff4eaf0000 - 0x00007fff4eb21000 	C:\WINDOWS\System32\IMM32.DLL
0x00007fff24770000 - 0x00007fff2477c000 	c:\Users\DELL\.vscode\extensions\redhat.java-1.53.0-win32-x64\jre\21.0.10-win32-x86_64\bin\vcruntime140_1.dll
0x00007ffef65e0000 - 0x00007ffef666d000 	c:\Users\DELL\.vscode\extensions\redhat.java-1.53.0-win32-x64\jre\21.0.10-win32-x86_64\bin\msvcp140.dll
0x00007ffeb0600000 - 0x00007ffeb13a1000 	c:\Users\DELL\.vscode\extensions\redhat.java-1.53.0-win32-x64\jre\21.0.10-win32-x86_64\bin\server\jvm.dll
0x00007fff4fc30000 - 0x00007fff4fcde000 	C:\WINDOWS\System32\ADVAPI32.dll
0x00007fff4eb30000 - 0x00007fff4ebce000 	C:\WINDOWS\System32\sechost.dll
0x00007fff4f720000 - 0x00007fff4f841000 	C:\WINDOWS\System32\RPCRT4.dll
0x00007fff50040000 - 0x00007fff500af000 	C:\WINDOWS\System32\WS2_32.dll
0x00007fff4e000000 - 0x00007fff4e04d000 	C:\WINDOWS\SYSTEM32\POWRPROF.dll
0x00007fff49f60000 - 0x00007fff49f93000 	C:\WINDOWS\SYSTEM32\WINMM.dll
0x00007fff47160000 - 0x00007fff4716a000 	C:\WINDOWS\SYSTEM32\VERSION.dll
0x00007fff4dfe0000 - 0x00007fff4dff3000 	C:\WINDOWS\SYSTEM32\UMPDC.dll
0x00007fff4d1a0000 - 0x00007fff4d1b8000 	C:\WINDOWS\SYSTEM32\kernel.appcore.dll
0x00007fff243c0000 - 0x00007fff243ca000 	c:\Users\DELL\.vscode\extensions\redhat.java-1.53.0-win32-x64\jre\21.0.10-win32-x86_64\bin\jimage.dll
0x00007fff49d30000 - 0x00007fff49f51000 	C:\WINDOWS\SYSTEM32\DBGHELP.DLL
0x00007fff49cf0000 - 0x00007fff49d21000 	C:\WINDOWS\SYSTEM32\dbgcore.DLL
0x00007fff4e710000 - 0x00007fff4e78f000 	C:\WINDOWS\System32\bcryptPrimitives.dll
0x00007fff1a340000 - 0x00007fff1a34f000 	c:\Users\DELL\.vscode\extensions\redhat.java-1.53.0-win32-x64\jre\21.0.10-win32-x86_64\bin\instrument.dll
0x00007fff125c0000 - 0x00007fff125e0000 	c:\Users\DELL\.vscode\extensions\redhat.java-1.53.0-win32-x64\jre\21.0.10-win32-x86_64\bin\java.dll
0x00007fff4ef40000 - 0x00007fff4f705000 	C:\WINDOWS\System32\SHELL32.dll
0x00007fff4c200000 - 0x00007fff4ca62000 	C:\WINDOWS\SYSTEM32\windows.storage.dll
0x00007fff50340000 - 0x00007fff506b6000 	C:\WINDOWS\System32\combase.dll
0x00007fff4c090000 - 0x00007fff4c1f7000 	C:\WINDOWS\SYSTEM32\wintypes.dll
0x00007fff4fd00000 - 0x00007fff4fdea000 	C:\WINDOWS\System32\SHCORE.dll
0x00007fff4fa40000 - 0x00007fff4fa9d000 	C:\WINDOWS\System32\shlwapi.dll
0x00007fff4e060000 - 0x00007fff4e085000 	C:\WINDOWS\SYSTEM32\profapi.dll
0x00007fff0e170000 - 0x00007fff0e188000 	c:\Users\DELL\.vscode\extensions\redhat.java-1.53.0-win32-x64\jre\21.0.10-win32-x86_64\bin\zip.dll
0x00007fff19300000 - 0x00007fff19310000 	C:\Users\DELL\.vscode\extensions\redhat.java-1.53.0-win32-x64\jre\21.0.10-win32-x86_64\bin\net.dll
0x00007fff472d0000 - 0x00007fff473e4000 	C:\WINDOWS\SYSTEM32\WINHTTP.dll
0x00007fff4d650000 - 0x00007fff4d6b7000 	C:\WINDOWS\system32\mswsock.dll
0x00007fff0ab20000 - 0x00007fff0ab36000 	C:\Users\DELL\.vscode\extensions\redhat.java-1.53.0-win32-x64\jre\21.0.10-win32-x86_64\bin\nio.dll
0x00007fff149d0000 - 0x00007fff149e0000 	c:\Users\DELL\.vscode\extensions\redhat.java-1.53.0-win32-x64\jre\21.0.10-win32-x86_64\bin\verify.dll
0x00007ffef6590000 - 0x00007ffef65d5000 	C:\Users\DELL\AppData\Roaming\Code\User\globalStorage\redhat.java\1.53.0\config_win\org.eclipse.equinox.launcher\org.eclipse.equinox.launcher.win32.win32.x86_64_1.3.0.v20260203-2149\eclipse_11919.dll
0x00007fff501a0000 - 0x00007fff5033a000 	C:\WINDOWS\System32\ole32.dll
0x00007fff14860000 - 0x00007fff1486a000 	C:\Users\DELL\.vscode\extensions\redhat.java-1.53.0-win32-x64\jre\21.0.10-win32-x86_64\bin\management.dll
0x00007fff13830000 - 0x00007fff1383c000 	C:\Users\DELL\.vscode\extensions\redhat.java-1.53.0-win32-x64\jre\21.0.10-win32-x86_64\bin\management_ext.dll
0x00007fff50190000 - 0x00007fff50198000 	C:\WINDOWS\System32\PSAPI.DLL
0x00007fff4d8a0000 - 0x00007fff4d8b8000 	C:\WINDOWS\SYSTEM32\CRYPTSP.dll
0x00007fff4d100000 - 0x00007fff4d135000 	C:\WINDOWS\system32\rsaenh.dll
0x00007fff4d740000 - 0x00007fff4d76c000 	C:\WINDOWS\SYSTEM32\USERENV.dll
0x00007fff4da80000 - 0x00007fff4daa7000 	C:\WINDOWS\SYSTEM32\bcrypt.dll
0x00007fff4d890000 - 0x00007fff4d89c000 	C:\WINDOWS\SYSTEM32\CRYPTBASE.dll
0x00007fff4ccc0000 - 0x00007fff4cced000 	C:\WINDOWS\SYSTEM32\IPHLPAPI.DLL
0x00007fff4fba0000 - 0x00007fff4fba9000 	C:\WINDOWS\System32\NSI.dll
0x00007fff0e680000 - 0x00007fff0e6c9000 	C:\Users\DELL\AppData\Local\Temp\jna-2094529\jna14846364135417153045.dll
0x00007fff476b0000 - 0x00007fff476c9000 	C:\WINDOWS\SYSTEM32\dhcpcsvc6.DLL
0x00007fff47a20000 - 0x00007fff47a3e000 	C:\WINDOWS\SYSTEM32\dhcpcsvc.DLL
0x00007fff13350000 - 0x00007fff1335e000 	C:\Users\DELL\.vscode\extensions\redhat.java-1.53.0-win32-x64\jre\21.0.10-win32-x86_64\bin\sunmscapi.dll
0x00007fff4e980000 - 0x00007fff4eae2000 	C:\WINDOWS\System32\CRYPT32.dll
0x00007fff4da50000 - 0x00007fff4da78000 	C:\WINDOWS\SYSTEM32\ncrypt.dll
0x00007fff4d9a0000 - 0x00007fff4d9d7000 	C:\WINDOWS\SYSTEM32\NTASN1.dll
0x00007fff4ccf0000 - 0x00007fff4cdd7000 	C:\WINDOWS\SYSTEM32\DNSAPI.dll
0x00007fff3f6b0000 - 0x00007fff3f6ba000 	C:\Windows\System32\rasadhlp.dll
0x00007fff43cc0000 - 0x00007fff43d41000 	C:\WINDOWS\System32\fwpuclnt.dll
0x00007fff13150000 - 0x00007fff13159000 	C:\Users\DELL\.vscode\extensions\redhat.java-1.53.0-win32-x64\jre\21.0.10-win32-x86_64\bin\extnet.dll

JVMTI agents:
c:\Users\DELL\.vscode\extensions\redhat.java-1.53.0-win32-x64\lombok\lombok-1.18.39-4050.jar path:c:\Users\DELL\.vscode\extensions\redhat.java-1.53.0-win32-x64\jre\21.0.10-win32-x86_64\bin\instrument.dll, loaded, initialized, instrumentlib options:none

dbghelp: loaded successfully - version: 4.0.5 - missing functions: none
symbol engine: initialized successfully - sym options: 0x614 - pdb path: .;c:\Users\DELL\.vscode\extensions\redhat.java-1.53.0-win32-x64\jre\21.0.10-win32-x86_64\bin;C:\WINDOWS\SYSTEM32;C:\WINDOWS\WinSxS\amd64_microsoft.windows.common-controls_6595b64144ccf1df_6.0.22000.120_none_9d947278b86cc467;c:\Users\DELL\.vscode\extensions\redhat.java-1.53.0-win32-x64\jre\21.0.10-win32-x86_64\bin\server;C:\Users\DELL\AppData\Roaming\Code\User\globalStorage\redhat.java\1.53.0\config_win\org.eclipse.equinox.launcher\org.eclipse.equinox.launcher.win32.win32.x86_64_1.3.0.v20260203-2149;C:\Users\DELL\AppData\Local\Temp\jna-2094529

VM Arguments:
jvm_args: --add-modules=ALL-SYSTEM --add-opens=java.base/java.util=ALL-UNNAMED --add-opens=java.base/java.lang=ALL-UNNAMED --add-opens=java.base/sun.nio.fs=ALL-UNNAMED -Declipse.application=org.eclipse.jdt.ls.core.id1 -Dosgi.bundles.defaultStartLevel=4 -Declipse.product=org.eclipse.jdt.ls.core.product -Djava.import.generatesMetadataFilesAtProjectRoot=false -DDetectVMInstallationsJob.disabled=true -Dfile.encoding=utf8 -XX:+UseParallelGC -XX:GCTimeRatio=4 -XX:AdaptiveSizePolicyWeight=90 -Dsun.zip.disableMemoryMapping=true -Xmx2G -Xms100m -Xlog:disable -javaagent:c:\Users\DELL\.vscode\extensions\redhat.java-1.53.0-win32-x64\lombok\lombok-1.18.39-4050.jar -XX:+HeapDumpOnOutOfMemoryError -XX:HeapDumpPath=c:\Users\DELL\AppData\Roaming\Code\User\workspaceStorage\14cd635fb1ec31ad292535cc52661c94\redhat.java -Daether.dependencyCollector.impl=bf 
java_command: c:\Users\DELL\.vscode\extensions\redhat.java-1.53.0-win32-x64\server\plugins\org.eclipse.equinox.launcher_1.7.100.v20251111-0406.jar -configuration c:\Users\DELL\AppData\Roaming\Code\User\globalStorage\redhat.java\1.53.0\config_win -data c:\Users\DELL\AppData\Roaming\Code\User\workspaceStorage\14cd635fb1ec31ad292535cc52661c94\redhat.java\jdt_ws --pipe=\\.\pipe\lsp-6b2078089209615c1e2b4f58021ada9f-sock
java_class_path (initial): c:\Users\DELL\.vscode\extensions\redhat.java-1.53.0-win32-x64\server\plugins\org.eclipse.equinox.launcher_1.7.100.v20251111-0406.jar
Launcher Type: SUN_STANDARD

[Global flags]
    uintx AdaptiveSizePolicyWeight                 = 90                                        {product} {command line}
     intx CICompilerCount                          = 4                                         {product} {ergonomic}
    uintx GCTimeRatio                              = 4                                         {product} {command line}
     bool HeapDumpOnOutOfMemoryError               = true                                   {manageable} {command line}
    ccstr HeapDumpPath                             = c:\Users\DELL\AppData\Roaming\Code\User\workspaceStorage\14cd635fb1ec31ad292535cc52661c94\redhat.java         {manageable} {command line}
   size_t InitialHeapSize                          = 104857600                                 {product} {command line}
   size_t MaxHeapSize                              = 2147483648                                {product} {command line}
   size_t MaxNewSize                               = 715653120                                 {product} {ergonomic}
   size_t MinHeapDeltaBytes                        = 524288                                    {product} {ergonomic}
   size_t MinHeapSize                              = 104857600                                 {product} {command line}
   size_t NewSize                                  = 34603008                                  {product} {ergonomic}
    uintx NonNMethodCodeHeapSize                   = 5839372                                {pd product} {ergonomic}
    uintx NonProfiledCodeHeapSize                  = 122909434                              {pd product} {ergonomic}
   size_t OldSize                                  = 70254592                                  {product} {ergonomic}
    uintx ProfiledCodeHeapSize                     = 122909434                              {pd product} {ergonomic}
    uintx ReservedCodeCacheSize                    = 251658240                              {pd product} {ergonomic}
     bool SegmentedCodeCache                       = true                                      {product} {ergonomic}
   size_t SoftMaxHeapSize                          = 2147483648                             {manageable} {ergonomic}
     bool UseCompressedOops                        = true                           {product lp64_product} {ergonomic}
     bool UseLargePagesIndividualAllocation        = false                                  {pd product} {ergonomic}
     bool UseParallelGC                            = true                                      {product} {command line}

Logging:
Log output configuration:
 #0: stdout all=off uptime,level,tags foldmultilines=false
 #1: stderr all=off uptime,level,tags foldmultilines=false

Release file:
JAVA_VERSION="21.0.10" 
MODULES="java.base java.compiler java.datatransfer java.xml java.prefs java.desktop java.instrument java.logging java.management java.security.sasl java.naming java.rmi java.management.rmi java.net.http java.scripting java.security.jgss java.transaction.xa java.sql java.sql.rowset java.xml.crypto java.se java.smartcardio jdk.accessibility jdk.internal.jvmstat jdk.attach jdk.charsets jdk.internal.opt jdk.zipfs jdk.compiler jdk.crypto.ec jdk.crypto.cryptoki jdk.crypto.mscapi jdk.dynalink jdk.internal.ed jdk.editpad jdk.hotspot.agent jdk.httpserver jdk.internal.le jdk.internal.vm.ci jdk.internal.vm.compiler jdk.internal.vm.compiler.management jdk.jartool jdk.javadoc jdk.jcmd jdk.management jdk.management.agent jdk.jconsole jdk.jdeps jdk.jdwp.agent jdk.jdi jdk.jfr jdk.jshell jdk.jsobject jdk.jstatd jdk.localedata jdk.management.jfr jdk.naming.dns jdk.naming.rmi jdk.net jdk.nio.mapmode jdk.random jdk.sctp jdk.security.auth jdk.security.jgss jdk.unsupported jdk.unsupported.desktop jdk.xml.dom" 

Environment Variables:
PATH=C:\Users\DELL\Downloads\WINDOWS.X64_213000_db_home\bin;C:\Program Files\Eclipse Adoptium\jdk-21.0.9.10-hotspot\bin;C:\Program Files\Python313\Scripts\;C:\Program Files\Python313\;C:\Program Files\Common Files\Oracle\Java\javapath;C:\WINDOWS\system32;C:\WINDOWS;C:\WINDOWS\System32\Wbem;C:\WINDOWS\System32\WindowsPowerShell\v1.0\;C:\WINDOWS\System32\OpenSSH\;C:\Program Files\dotnet\;C:\Program Files\Java\jdk-23\bin;C:\Program Files\nodejs\;C:\apache\apache-maven-3.9.11-bin\apache-maven-3.9.11\bin;C:\apache\apache-maven-3.9.11-bin\apache-maven-3.9.11\bin;C:\apache\apache-maven-3.9.11-bin\apache-maven-3.9.11\bin;C:\Program Files\Git\cmd;C:\Users\DELL\AppData\Local\Programs\Python\Python310\Scripts\;C:\Users\DELL\AppData\Local\Programs\Python\Python310\;C:C:\Users\DELL\AppData\Local\Programs\Python\Python311\;C:\Users\DELL\AppData\Local\Programs\Python\Python311\;C:\Users\DELL\AppData\Local\Microsoft\WindowsApps;C:\Users\DELL\.dotnet\tools;C:\Users\DELL\AppData\Local\Programs\Python\Python311\Scripts\;C:\Users\DELL\AppData\Roaming\npm;C:\Users\DELL\AppData\Local\Programs\Microsoft VS Code\bin
USERNAME=DELL
OS=Windows_NT
PROCESSOR_IDENTIFIER=Intel64 Family 6 Model 126 Stepping 5, GenuineIntel
TMP=C:\Users\DELL\AppData\Local\Temp
TEMP=C:\Users\DELL\AppData\Local\Temp




Periodic native trim disabled

---------------  S Y S T E M  ---------------

OS:
 Windows 11 , 64 bit Build 22000 (10.0.22000.2538)
OS uptime: 17 days 6:27 hours

CPU: total 8 (initial active 8) (4 cores per cpu, 2 threads per core) family 6 model 126 stepping 5 microcode 0xc2, cx8, cmov, fxsr, ht, mmx, 3dnowpref, sse, sse2, sse3, ssse3, sse4.1, sse4.2, popcnt, lzcnt, tsc, tscinvbit, avx, avx2, aes, erms, clmul, bmi1, bmi2, adx, avx512f, avx512dq, avx512cd, avx512bw, avx512vl, sha, fma, vzeroupper, avx512_vpopcntdq, avx512_vpclmulqdq, avx512_vaes, avx512_vnni, clflush, clflushopt, avx512_vbmi2, avx512_vbmi, rdtscp, rdpid, fsrm, gfni, avx512_bitalg, f16c, pku, avx512_ifma
Processor Information for the first 8 processors :
  Max Mhz: 1190, Current Mhz: 991, Mhz Limit: 987

Memory: 4k page, system-wide physical 7959M (822M free)
TotalPageFile size 30331M (AvailPageFile size 151M)
current process WorkingSet (physical memory assigned to process): 275M, peak: 960M
current process commit charge ("private bytes"): 1299M, peak: 1307M

vm_info: OpenJDK 64-Bit Server VM (21.0.10+7-LTS) for windows-amd64 JRE (21.0.10+7-LTS), built on 2026-01-20T00:00:00Z by "admin" with MS VC++ 17.12 (VS2022)

END.
